// 重构日志: cad03880
// 重构日志: 494b933f
// 重构日志: 859b5108
// 重构日志: 9888fb23
// 同步 ID: 2638e853 @ Sun Jul 12 18:02:54 UTC 2026
// 同步 ID: c65559fa @ Tue Jul 14 01:23:12 UTC 2026
// 重构日志: b3b238be
// 重构日志: 553ac3aa
// 重构日志: 02dcbf80
// 重构日志: 1485eb26
// 重构日志: bb4bc979
// 重构日志: b7308fc1
// 同步 ID: 6eb70b9f @ Wed Jul 15 15:27:03 UTC 2026
// 重构日志: 8cf28cc7
// 重构日志: 9d2b721d
// 重构日志: 197f6a9c
// 重构日志: 12be33cc
// 同步 ID: f1533abe @ Sat Jul 18 14:29:54 UTC 2026
// 重构日志: b6ac473e
// 重构日志: 38a81c52
// 重构日志: 4d65296b
// 重构日志: 52b66758
// 重构日志: cc188362
// 重构日志: 8cc81dfd
// 重构日志: 7b1a07a4
// 同步 ID: 941073ea @ Tue Jul 21 22:54:18 UTC 2026
// 重构日志: 8b52c4d6
// 重构日志: 9d8895bd
// 同步 ID: bfdb1559 @ Wed Jul 22 22:57:21 UTC 2026
// 同步 ID: dd8a6a4b @ Fri Jul 24 08:34:10 UTC 2026
// 重构日志: a0ef5ff3
